*** Using Compiler 'V6.24', folder: 'D:\Program Files\Keil_v5\ARM\ARMCLANG\Bin'
Build target 'mp_threadx'
Note: source file '../AZURE_RTOS/App/app_azure_rtos.c' - object file renamed from 'mp_threadx\app_azure_rtos.o' to 'mp_threadx\app_azure_rtos_1.o'.compiling tx_block_release.c...
compiling tx_block_pool_prioritize.c...
compiling tx_block_pool_create.c...
compiling tx_byte_allocate.c...
compiling tx_initialize_kernel_setup.c...
compiling tx_block_pool_initialize.c...
compiling tx_byte_pool_cleanup.c...
compiling tx_initialize_kernel_enter.c...
compiling tx_block_pool_info_get.c...
compiling tx_block_pool_delete.c...
compiling app_azure_rtos.c...
compiling tx_block_pool_cleanup.c...
compiling tx_block_allocate.c...
compiling tx_initialize_high_level.c...
compiling app_threadx.c...
compiling main.c...
compiling tx_byte_pool_create.c...
compiling tx_byte_pool_delete.c...
compiling tx_byte_pool_initialize.c...
compiling tx_byte_pool_info_get.c...
compiling tx_byte_pool_prioritize.c...
compiling tx_event_flags_set_notify.c...
compiling tx_event_flags_delete.c...
compiling tx_event_flags_cleanup.c...
compiling tx_event_flags_create.c...
compiling tx_byte_release.c...
compiling tx_event_flags_get.c...
compiling tx_byte_pool_search.c...
compiling tx_event_flags_initialize.c...
compiling tx_mutex_create.c...
compiling tx_event_flags_info_get.c...
compiling tx_mutex_cleanup.c...
compiling tx_event_flags_set.c...
compiling tx_mutex_delete.c...
compiling tx_mutex_info_get.c...
compiling tx_mutex_get.c...
compiling tx_mutex_initialize.c...
compiling tx_mutex_prioritize.c...
compiling tx_queue_info_get.c...
compiling tx_mutex_priority_change.c...
compiling tx_queue_initialize.c...
compiling tx_mutex_put.c...
compiling tx_queue_send_notify.c...
compiling tx_queue_delete.c...
compiling tx_queue_cleanup.c...
compiling tx_semaphore_ceiling_put.c...
compiling tx_queue_flush.c...
compiling tx_queue_front_send.c...
compiling tx_queue_create.c...
compiling tx_semaphore_cleanup.c...
compiling tx_queue_prioritize.c...
compiling tx_queue_send.c...
compiling tx_queue_receive.c...
compiling tx_semaphore_create.c...
compiling tx_semaphore_delete.c...
compiling tx_semaphore_initialize.c...
compiling tx_semaphore_info_get.c...
compiling tx_semaphore_get.c...
compiling tx_thread_priority_change.c...
compiling tx_semaphore_put_notify.c...
compiling tx_semaphore_prioritize.c...
compiling tx_thread_entry_exit_notify.c...
compiling tx_thread_identify.c...
compiling tx_thread_initialize.c...
compiling tx_semaphore_put.c...
compiling tx_thread_delete.c...
compiling tx_thread_preemption_change.c...
compiling tx_thread_info_get.c...
compiling tx_thread_create.c...
compiling tx_thread_relinquish.c...
compiling tx_thread_reset.c...
compiling tx_thread_shell_entry.c...
compiling tx_thread_resume.c...
compiling tx_thread_sleep.c...
compiling tx_thread_stack_analyze.c...
compiling tx_thread_stack_error_handler.c...
compiling tx_thread_stack_error_notify.c...
compiling tx_thread_suspend.c...
compiling tx_thread_system_resume.c...
compiling tx_thread_system_preempt_check.c...
compiling tx_thread_timeout.c...
compiling tx_thread_wait_abort.c...
compiling tx_thread_time_slice_change.c...
compiling tx_time_get.c...
compiling tx_thread_time_slice.c...
compiling tx_thread_terminate.c...
compiling tx_thread_system_suspend.c...
compiling tx_time_set.c...
compiling txe_block_pool_info_get.c...
compiling txe_block_pool_delete.c...
compiling txe_block_allocate.c...
compiling txe_block_pool_create.c...
compiling txe_block_pool_prioritize.c...
compiling txe_block_release.c...
compiling txe_byte_allocate.c...
compiling txe_event_flags_delete.c...
compiling txe_byte_release.c...
compiling txe_event_flags_create.c...
compiling txe_byte_pool_prioritize.c...
compiling txe_byte_pool_info_get.c...
compiling txe_byte_pool_delete.c...
compiling txe_event_flags_get.c...
compiling txe_byte_pool_create.c...
compiling txe_event_flags_info_get.c...
compiling txe_mutex_delete.c...
compiling txe_event_flags_set.c...
compiling txe_event_flags_set_notify.c...
compiling txe_mutex_create.c...
compiling txe_mutex_info_get.c...
compiling txe_mutex_get.c...
compiling txe_mutex_put.c...
compiling txe_queue_create.c...
compiling txe_queue_delete.c...
compiling txe_queue_front_send.c...
compiling txe_queue_receive.c...
compiling txe_queue_info_get.c...
compiling txe_queue_flush.c...
compiling txe_mutex_prioritize.c...
compiling txe_queue_prioritize.c...
compiling txe_queue_send.c...
compiling txe_queue_send_notify.c...
compiling txe_semaphore_ceiling_put.c...
compiling txe_semaphore_create.c...
compiling txe_semaphore_delete.c...
compiling txe_semaphore_get.c...
compiling txe_thread_preemption_change.c...
compiling txe_semaphore_info_get.c...
compiling txe_thread_entry_exit_notify.c...
compiling txe_thread_info_get.c...
compiling txe_semaphore_put_notify.c...
compiling txe_thread_priority_change.c...
compiling txe_semaphore_prioritize.c...
compiling txe_semaphore_put.c...
compiling txe_thread_delete.c...
compiling txe_thread_create.c...
compiling txe_thread_relinquish.c...
compiling txe_thread_terminate.c...
compiling txe_thread_resume.c...
compiling txe_thread_reset.c...
compiling txe_thread_suspend.c...
compiling txe_thread_time_slice_change.c...
compiling txe_thread_wait_abort.c...
compiling tx_timer_create.c...
compiling tx_timer_change.c...
compiling tx_timer_system_activate.c...
compiling tx_timer_system_deactivate.c...
compiling tx_timer_expiration_process.c...
compiling tx_timer_initialize.c...
compiling tx_timer_info_get.c...
compiling tx_timer_delete.c...
compiling tx_timer_activate.c...
compiling tx_timer_deactivate.c...
compiling tx_timer_thread_entry.c...
compiling txe_timer_activate.c...
compiling txe_timer_change.c...
compiling txe_timer_create.c...
compiling txe_timer_deactivate.c...
compiling txe_timer_info_get.c...
compiling txe_timer_delete.c...
linking...
Program Size: Code=238560 RO-data=31912 RW-data=32 ZI-data=119224  
FromELF: creating hex file...
"mp_threadx\mp_threadx.axf" - 0 Error(s), 0 Warning(s).
Build Time Elapsed:  00:00:09
